<?xml version="1.0" encoding="UTF-8"?>
<!-- Generated by org.testng.reporters.JUnitReportReporter -->
<testsuite hostname="PKLTP014" name="defaultpackage.NewTest" tests="1" failures="0" timestamp="27 Oct 2015 15:24:05 GMT" time="0.047" errors="0">
  <testcase name="f" time="0.047" classname="defaultpackage.NewTest"/>
</testsuite> <!-- defaultpackage.NewTest -->
